#-----------------------------------------------------------
# Vivado v2018.2 (64-bit)
# SW Build 2258646 on Thu Jun 14 20:03:12 MDT 2018
# IP Build 2256618 on Thu Jun 14 22:10:49 MDT 2018
# Start of session at: Sun Mar 13 10:10:46 2022
# Process ID: 14600
# Current directory: C:/Users/anags/OneDrive/Desktop/UNI/cuatri 2/Sistemas Digitales Avanzados/Practicas/p3/FPGA/FPGA
# Command line: vivado.exe -gui_launcher_event rodinguilauncherevent11756 C:\Users\anags\OneDrive\Desktop\UNI\cuatri 2\Sistemas Digitales Avanzados\Practicas\p3\FPGA\FPGA\FPGA.xpr
# Log file: C:/Users/anags/OneDrive/Desktop/UNI/cuatri 2/Sistemas Digitales Avanzados/Practicas/p3/FPGA/FPGA/vivado.log
# Journal file: C:/Users/anags/OneDrive/Desktop/UNI/cuatri 2/Sistemas Digitales Avanzados/Practicas/p3/FPGA/FPGA\vivado.jou
#-----------------------------------------------------------
start_gui
open_project {C:/Users/anags/OneDrive/Desktop/UNI/cuatri 2/Sistemas Digitales Avanzados/Practicas/p3/FPGA/FPGA/FPGA.xpr}
INFO: [ProjectBase 1-489] The host OS only allows 260 characters in a normal path. The project is stored in a path with more than 80 characters. If you experience issues with IP, Block Designs, or files not being found, please consider moving the project to a location with a shorter path. Alternately consider using the OS subst command to map part of the path to a drive letter.
Current project path is 'C:/Users/anags/OneDrive/Desktop/UNI/cuatri 2/Sistemas Digitales Avanzados/Practicas/p3/FPGA/FPGA'
INFO: [Project 1-313] Project file moved from 'H:/LOCAL/MIT2020/ALUMNOS/OSCI/FPGA' since last save.
Scanning sources...
Finished scanning sources
INFO: [IP_Flow 19-234] Refreshing IP repositories
INFO: [IP_Flow 19-1704] No user IP repositories specified
INFO: [IP_Flow 19-2313] Loaded Vivado IP repository 'C:/Xilinx/Vivado/2018.2/data/ip'.
open_project: Time (s): cpu = 00:00:12 ; elapsed = 00:00:08 . Memory (MB): peak = 916.469 ; gain = 165.523
update_compile_order -fileset sources_1
exit
INFO: [Common 17-206] Exiting Vivado at Sun Mar 13 11:08:00 2022...
