#-----------------------------------------------------------
# Vivado v2018.2 (64-bit)
# SW Build 2258646 on Thu Jun 14 20:03:12 MDT 2018
# IP Build 2256618 on Thu Jun 14 22:10:49 MDT 2018
# Start of session at: Tue Mar  1 09:30:31 2022
# Process ID: 12872
# Current directory: C:/Users/anags/OneDrive/Desktop/UNI/cuatri 2/Sistemas Digitales Avanzados/Practicas/p1/project_1
# Command line: vivado.exe -gui_launcher_event rodinguilauncherevent28960 C:\Users\anags\OneDrive\Desktop\UNI\cuatri 2\Sistemas Digitales Avanzados\Practicas\p1\project_1\project_1.xpr
# Log file: C:/Users/anags/OneDrive/Desktop/UNI/cuatri 2/Sistemas Digitales Avanzados/Practicas/p1/project_1/vivado.log
# Journal file: C:/Users/anags/OneDrive/Desktop/UNI/cuatri 2/Sistemas Digitales Avanzados/Practicas/p1/project_1\vivado.jou
#-----------------------------------------------------------
start_gui
open_project {C:/Users/anags/OneDrive/Desktop/UNI/cuatri 2/Sistemas Digitales Avanzados/Practicas/p1/project_1/project_1.xpr}
INFO: [ProjectBase 1-489] The host OS only allows 260 characters in a normal path. The project is stored in a path with more than 80 characters. If you experience issues with IP, Block Designs, or files not being found, please consider moving the project to a location with a shorter path. Alternately consider using the OS subst command to map part of the path to a drive letter.
Current project path is 'C:/Users/anags/OneDrive/Desktop/UNI/cuatri 2/Sistemas Digitales Avanzados/Practicas/p1/project_1'
INFO: [Project 1-313] Project file moved from 'C:/Users/anags/OneDrive/Desktop/project_1' since last save.
Scanning sources...
Finished scanning sources
CRITICAL WARNING: [Project 1-505] Unrecognized Option Name DcpsUptoDate
WARNING: [Project 1-231] Project 'project_1.xpr' was created with a future version and may or may not perform reliably with this version of Vivado. It has been opened in read-only mode for the protection of unrecognized data. Use 'File | Save Project As...' if you wish to alter a copy of the project.
INFO: [IP_Flow 19-234] Refreshing IP repositories
INFO: [IP_Flow 19-1704] No user IP repositories specified
INFO: [IP_Flow 19-2313] Loaded Vivado IP repository 'C:/Xilinx/Vivado/2018.2/data/ip'.
open_project: Time (s): cpu = 00:00:13 ; elapsed = 00:00:08 . Memory (MB): peak = 886.312 ; gain = 115.625
update_compile_order -fileset sources_1
exit
INFO: [Common 17-206] Exiting Vivado at Tue Mar  1 10:26:42 2022...
