#-----------------------------------------------------------
# Vivado v2019.2 (64-bit)
# SW Build 2708876 on Wed Nov  6 21:40:23 MST 2019
# IP Build 2700528 on Thu Nov  7 00:09:20 MST 2019
# Start of session at: Sun Feb 20 14:20:35 2022
# Process ID: 16956
# Current directory: C:/Users/anags/OneDrive/Desktop/UNI/cuatri 2/Sistemas Digitales Avanzados/Practicas/project_1
# Command line: vivado.exe -gui_launcher_event rodinguilauncherevent14000 C:\Users\anags\OneDrive\Desktop\UNI\cuatri 2\Sistemas Digitales Avanzados\Practicas\project_1\project_1.xpr
# Log file: C:/Users/anags/OneDrive/Desktop/UNI/cuatri 2/Sistemas Digitales Avanzados/Practicas/project_1/vivado.log
# Journal file: C:/Users/anags/OneDrive/Desktop/UNI/cuatri 2/Sistemas Digitales Avanzados/Practicas/project_1\vivado.jou
#-----------------------------------------------------------
start_gui
open_project {C:/Users/anags/OneDrive/Desktop/UNI/cuatri 2/Sistemas Digitales Avanzados/Practicas/project_1/project_1.xpr}
INFO: [ProjectBase 1-489] The host OS only allows 260 characters in a normal path. The project is stored in a path with more than 80 characters. If you experience issues with IP, Block Designs, or files not being found, please consider moving the project to a location with a shorter path. Alternately consider using the OS subst command to map part of the path to a drive letter.
Current project path is 'C:/Users/anags/OneDrive/Desktop/UNI/cuatri 2/Sistemas Digitales Avanzados/Practicas/project_1'
Scanning sources...
Finished scanning sources
INFO: [IP_Flow 19-234] Refreshing IP repositories
INFO: [IP_Flow 19-1704] No user IP repositories specified
INFO: [IP_Flow 19-2313] Loaded Vivado IP repository 'C:/Xilinx/Vivado/2019.2/data/ip'.
open_project: Time (s): cpu = 00:00:36 ; elapsed = 00:00:17 . Memory (MB): peak = 898.281 ; gain = 233.867
update_compile_order -fileset sources_1
launch_simulation
Command: launch_simulation 
INFO: [Vivado 12-5682] Launching behavioral simulation in 'C:/Users/anags/OneDrive/Desktop/UNI/cuatri 2/Sistemas Digitales Avanzados/Practicas/project_1/project_1.sim/sim_1/behav/xsim'
INFO: [SIM-utils-51] Simulation object is 'sim_1'
INFO: [SIM-utils-54] Inspecting design source files for 'tb_puerto_serie' in fileset 'sim_1'...
INFO: [USF-XSim-97] Finding global include files...
INFO: [USF-XSim-98] Fetching design files from 'sim_1'...
INFO: [USF-XSim-2] XSim::Compile design
INFO: [USF-XSim-61] Executing 'COMPILE and ANALYZE' step in 'C:/Users/anags/OneDrive/Desktop/UNI/cuatri 2/Sistemas Digitales Avanzados/Practicas/project_1/project_1.sim/sim_1/behav/xsim'
"xvhdl --incr --relax -prj tb_puerto_serie_vhdl.prj"
INFO: [VRFC 10-163] Analyzing VHDL file "C:/Users/anags/OneDrive/Desktop/UNI/cuatri 2/Sistemas Digitales Avanzados/Practicas/project_1/project_1.srcs/sources_1/new/receptor.vhd" into library xil_defaultlib
INFO: [VRFC 10-3107] analyzing entity 'receptor'
INFO: [USF-XSim-69] 'compile' step finished in '2' seconds
INFO: [USF-XSim-3] XSim::Elaborate design
INFO: [USF-XSim-61] Executing 'ELABORATE' step in 'C:/Users/anags/OneDrive/Desktop/UNI/cuatri 2/Sistemas Digitales Avanzados/Practicas/project_1/project_1.sim/sim_1/behav/xsim'
"xelab -wto 0b877742e65f48f0b366796d7c932985 --incr --debug typical --relax --mt 2 -L xil_defaultlib -L secureip --snapshot tb_puerto_serie_behav xil_defaultlib.tb_puerto_serie -log elaborate.log"
Vivado Simulator 2019.2
Copyright 1986-1999, 2001-2019 Xilinx, Inc. All Rights Reserved.
Running: C:/Xilinx/Vivado/2019.2/bin/unwrapped/win64.o/xelab.exe -wto 0b877742e65f48f0b366796d7c932985 --incr --debug typical --relax --mt 2 -L xil_defaultlib -L secureip --snapshot tb_puerto_serie_behav xil_defaultlib.tb_puerto_serie -log elaborate.log 
Using 2 slave threads.
Starting static elaboration
Completed static elaboration
Starting simulation data flow analysis
Completed simulation data flow analysis
Time Resolution for simulation is 1ps
Compiling package std.standard
Compiling package std.textio
Compiling package ieee.std_logic_1164
Compiling package ieee.numeric_std
Compiling architecture behavioral of entity xil_defaultlib.receptor [receptor_default]
Compiling architecture behavioral of entity xil_defaultlib.transmisor [transmisor_default]
Compiling architecture behavioral of entity xil_defaultlib.puerto_serie [puerto_serie_default]
Compiling architecture tb of entity xil_defaultlib.tb_puerto_serie
Built simulation snapshot tb_puerto_serie_behav
INFO: [USF-XSim-69] 'elaborate' step finished in '2' seconds
INFO: [USF-XSim-4] XSim::Simulate design
INFO: [USF-XSim-61] Executing 'SIMULATE' step in 'C:/Users/anags/OneDrive/Desktop/UNI/cuatri 2/Sistemas Digitales Avanzados/Practicas/project_1/project_1.sim/sim_1/behav/xsim'
INFO: [USF-XSim-98] *** Running xsim
   with args "tb_puerto_serie_behav -key {Behavioral:sim_1:Functional:tb_puerto_serie} -tclbatch {tb_puerto_serie.tcl} -log {simulate.log}"
INFO: [USF-XSim-8] Loading simulator feature
Vivado Simulator 2019.2
Time resolution is 1 ps
source tb_puerto_serie.tcl
# set curr_wave [current_wave_config]
# if { [string length $curr_wave] == 0 } {
#   if { [llength [get_objects]] > 0} {
#     add_wave /
#     set_property needs_save false [current_wave_config]
#   } else {
#      send_msg_id Add_Wave-1 WARNING "No top level signals found. Simulator will start without a wave window. If you want to open a wave window go to 'File->New Waveform Configuration' or type 'create_wave_config' in the TCL console."
#   }
# }
# run 1000ns
INFO: [USF-XSim-96] XSim completed. Design snapshot 'tb_puerto_serie_behav' loaded.
INFO: [USF-XSim-97] XSim simulation ran for 1000ns
launch_simulation: Time (s): cpu = 00:00:10 ; elapsed = 00:00:10 . Memory (MB): peak = 922.816 ; gain = 7.043
run all
run: Time (s): cpu = 00:02:03 ; elapsed = 00:01:32 . Memory (MB): peak = 967.930 ; gain = 43.754
relaunch_sim
Command: launch_simulation -simset sim_1 -mode behavioral
INFO: [Vivado 12-5682] Launching behavioral simulation in 'C:/Users/anags/OneDrive/Desktop/UNI/cuatri 2/Sistemas Digitales Avanzados/Practicas/project_1/project_1.sim/sim_1/behav/xsim'
INFO: [SIM-utils-51] Simulation object is 'sim_1'
INFO: [SIM-utils-54] Inspecting design source files for 'tb_puerto_serie' in fileset 'sim_1'...
INFO: [USF-XSim-97] Finding global include files...
INFO: [USF-XSim-98] Fetching design files from 'sim_1'...
INFO: [USF-XSim-2] XSim::Compile design
INFO: [USF-XSim-61] Executing 'COMPILE and ANALYZE' step in 'C:/Users/anags/OneDrive/Desktop/UNI/cuatri 2/Sistemas Digitales Avanzados/Practicas/project_1/project_1.sim/sim_1/behav/xsim'
"xvhdl --incr --relax -prj tb_puerto_serie_vhdl.prj"
INFO: [VRFC 10-163] Analyzing VHDL file "C:/Users/anags/OneDrive/Desktop/UNI/cuatri 2/Sistemas Digitales Avanzados/Practicas/project_1/project_1.srcs/sources_1/new/receptor.vhd" into library xil_defaultlib
INFO: [VRFC 10-3107] analyzing entity 'receptor'
INFO: [USF-XSim-69] 'compile' step finished in '1' seconds
Command: launch_simulation -simset sim_1 -mode behavioral
INFO: [Vivado 12-5682] Launching behavioral simulation in 'C:/Users/anags/OneDrive/Desktop/UNI/cuatri 2/Sistemas Digitales Avanzados/Practicas/project_1/project_1.sim/sim_1/behav/xsim'
INFO: [USF-XSim-3] XSim::Elaborate design
INFO: [USF-XSim-61] Executing 'ELABORATE' step in 'C:/Users/anags/OneDrive/Desktop/UNI/cuatri 2/Sistemas Digitales Avanzados/Practicas/project_1/project_1.sim/sim_1/behav/xsim'
"xelab -wto 0b877742e65f48f0b366796d7c932985 --incr --debug typical --relax --mt 2 -L xil_defaultlib -L secureip --snapshot tb_puerto_serie_behav xil_defaultlib.tb_puerto_serie -log elaborate.log"
Vivado Simulator 2019.2
Copyright 1986-1999, 2001-2019 Xilinx, Inc. All Rights Reserved.
Running: C:/Xilinx/Vivado/2019.2/bin/unwrapped/win64.o/xelab.exe -wto 0b877742e65f48f0b366796d7c932985 --incr --debug typical --relax --mt 2 -L xil_defaultlib -L secureip --snapshot tb_puerto_serie_behav xil_defaultlib.tb_puerto_serie -log elaborate.log 
Using 2 slave threads.
Starting static elaboration
Completed static elaboration
Starting simulation data flow analysis
Completed simulation data flow analysis
Time Resolution for simulation is 1ps
Compiling package std.standard
Compiling package std.textio
Compiling package ieee.std_logic_1164
Compiling package ieee.numeric_std
Compiling architecture behavioral of entity xil_defaultlib.receptor [receptor_default]
Compiling architecture behavioral of entity xil_defaultlib.transmisor [transmisor_default]
Compiling architecture behavioral of entity xil_defaultlib.puerto_serie [puerto_serie_default]
Compiling architecture tb of entity xil_defaultlib.tb_puerto_serie
Built simulation snapshot tb_puerto_serie_behav
INFO: [USF-XSim-69] 'elaborate' step finished in '2' seconds
Vivado Simulator 2019.2
Time resolution is 1 ps
relaunch_sim: Time (s): cpu = 00:00:02 ; elapsed = 00:00:10 . Memory (MB): peak = 976.488 ; gain = 0.000
run all
run: Time (s): cpu = 00:00:07 ; elapsed = 00:00:08 . Memory (MB): peak = 976.488 ; gain = 0.000
add_bp {C:/Users/anags/OneDrive/Desktop/UNI/cuatri 2/Sistemas Digitales Avanzados/Practicas/project_1/project_1.srcs/sources_1/new/receptor.vhd} 77
step
Stopped at time : 46823610 ns : File "C:/Users/anags/OneDrive/Desktop/UNI/cuatri 2/Sistemas Digitales Avanzados/Practicas/project_1/project_1.srcs/sim_1/new/tb.vhd" Line 39
step
Stopped at time : 46823610 ns : File "C:/Users/anags/OneDrive/Desktop/UNI/cuatri 2/Sistemas Digitales Avanzados/Practicas/project_1/project_1.srcs/sim_1/new/tb.vhd" Line 42
step
Stopped at time : 46823610 ns : File "C:/Users/anags/OneDrive/Desktop/UNI/cuatri 2/Sistemas Digitales Avanzados/Practicas/project_1/project_1.srcs/sources_1/new/receptor.vhd" Line 52
step
Stopped at time : 46823610 ns : File "C:/Users/anags/OneDrive/Desktop/UNI/cuatri 2/Sistemas Digitales Avanzados/Practicas/project_1/project_1.srcs/sources_1/new/receptor.vhd" Line 56
step
Stopped at time : 46823610 ns : File "C:/Users/anags/OneDrive/Desktop/UNI/cuatri 2/Sistemas Digitales Avanzados/Practicas/project_1/project_1.srcs/sources_1/new/transmisor.vhd" Line 59
step
Stopped at time : 46823610 ns : File "C:/Users/anags/OneDrive/Desktop/UNI/cuatri 2/Sistemas Digitales Avanzados/Practicas/project_1/project_1.srcs/sources_1/new/transmisor.vhd" Line 65
step
Stopped at time : 46823615 ns : File "C:/Users/anags/OneDrive/Desktop/UNI/cuatri 2/Sistemas Digitales Avanzados/Practicas/project_1/project_1.srcs/sim_1/new/tb.vhd" Line 39
step
Stopped at time : 46823615 ns : File "C:/Users/anags/OneDrive/Desktop/UNI/cuatri 2/Sistemas Digitales Avanzados/Practicas/project_1/project_1.srcs/sim_1/new/tb.vhd" Line 42
step
Stopped at time : 46823615 ns : File "C:/Users/anags/OneDrive/Desktop/UNI/cuatri 2/Sistemas Digitales Avanzados/Practicas/project_1/project_1.srcs/sources_1/new/receptor.vhd" Line 52
step
Stopped at time : 46823615 ns : File "C:/Users/anags/OneDrive/Desktop/UNI/cuatri 2/Sistemas Digitales Avanzados/Practicas/project_1/project_1.srcs/sources_1/new/receptor.vhd" Line 56
step
Stopped at time : 46823615 ns : File "C:/Users/anags/OneDrive/Desktop/UNI/cuatri 2/Sistemas Digitales Avanzados/Practicas/project_1/project_1.srcs/sources_1/new/receptor.vhd" Line 57
step
Stopped at time : 46823615 ns : File "C:/Users/anags/OneDrive/Desktop/UNI/cuatri 2/Sistemas Digitales Avanzados/Practicas/project_1/project_1.srcs/sources_1/new/receptor.vhd" Line 58
step
Stopped at time : 46823615 ns : File "C:/Users/anags/OneDrive/Desktop/UNI/cuatri 2/Sistemas Digitales Avanzados/Practicas/project_1/project_1.srcs/sources_1/new/receptor.vhd" Line 59
step
Stopped at time : 46823615 ns : File "C:/Users/anags/OneDrive/Desktop/UNI/cuatri 2/Sistemas Digitales Avanzados/Practicas/project_1/project_1.srcs/sources_1/new/receptor.vhd" Line 60
step
Stopped at time : 46823615 ns : File "C:/Users/anags/OneDrive/Desktop/UNI/cuatri 2/Sistemas Digitales Avanzados/Practicas/project_1/project_1.srcs/sources_1/new/receptor.vhd" Line 75
step
Stopped at time : 46823615 ns : File "C:/Users/anags/OneDrive/Desktop/UNI/cuatri 2/Sistemas Digitales Avanzados/Practicas/project_1/project_1.srcs/sources_1/new/transmisor.vhd" Line 59
step
Stopped at time : 46823615 ns : File "C:/Users/anags/OneDrive/Desktop/UNI/cuatri 2/Sistemas Digitales Avanzados/Practicas/project_1/project_1.srcs/sources_1/new/transmisor.vhd" Line 65
step
Stopped at time : 46823615 ns : File "C:/Users/anags/OneDrive/Desktop/UNI/cuatri 2/Sistemas Digitales Avanzados/Practicas/project_1/project_1.srcs/sources_1/new/transmisor.vhd" Line 66
step
Stopped at time : 46823615 ns : File "C:/Users/anags/OneDrive/Desktop/UNI/cuatri 2/Sistemas Digitales Avanzados/Practicas/project_1/project_1.srcs/sources_1/new/transmisor.vhd" Line 67
step
Stopped at time : 46823615 ns : File "C:/Users/anags/OneDrive/Desktop/UNI/cuatri 2/Sistemas Digitales Avanzados/Practicas/project_1/project_1.srcs/sources_1/new/transmisor.vhd" Line 68
step
Stopped at time : 46823615 ns : File "C:/Users/anags/OneDrive/Desktop/UNI/cuatri 2/Sistemas Digitales Avanzados/Practicas/project_1/project_1.srcs/sources_1/new/transmisor.vhd" Line 69
step
Stopped at time : 46823615 ns : File "C:/Users/anags/OneDrive/Desktop/UNI/cuatri 2/Sistemas Digitales Avanzados/Practicas/project_1/project_1.srcs/sources_1/new/transmisor.vhd" Line 70
step
Stopped at time : 46823615 ns : File "C:/Users/anags/OneDrive/Desktop/UNI/cuatri 2/Sistemas Digitales Avanzados/Practicas/project_1/project_1.srcs/sources_1/new/transmisor.vhd" Line 71
step
Stopped at time : 46823615 ns : File "C:/Users/anags/OneDrive/Desktop/UNI/cuatri 2/Sistemas Digitales Avanzados/Practicas/project_1/project_1.srcs/sources_1/new/transmisor.vhd" Line 76
step
Stopped at time : 46823620 ns : File "C:/Users/anags/OneDrive/Desktop/UNI/cuatri 2/Sistemas Digitales Avanzados/Practicas/project_1/project_1.srcs/sim_1/new/tb.vhd" Line 39
step
Stopped at time : 46823620 ns : File "C:/Users/anags/OneDrive/Desktop/UNI/cuatri 2/Sistemas Digitales Avanzados/Practicas/project_1/project_1.srcs/sim_1/new/tb.vhd" Line 42
step
Stopped at time : 46823620 ns : File "C:/Users/anags/OneDrive/Desktop/UNI/cuatri 2/Sistemas Digitales Avanzados/Practicas/project_1/project_1.srcs/sources_1/new/receptor.vhd" Line 52
step
Stopped at time : 46823620 ns : File "C:/Users/anags/OneDrive/Desktop/UNI/cuatri 2/Sistemas Digitales Avanzados/Practicas/project_1/project_1.srcs/sources_1/new/receptor.vhd" Line 56
step
Stopped at time : 46823620 ns : File "C:/Users/anags/OneDrive/Desktop/UNI/cuatri 2/Sistemas Digitales Avanzados/Practicas/project_1/project_1.srcs/sources_1/new/transmisor.vhd" Line 59
step
Stopped at time : 46823620 ns : File "C:/Users/anags/OneDrive/Desktop/UNI/cuatri 2/Sistemas Digitales Avanzados/Practicas/project_1/project_1.srcs/sources_1/new/transmisor.vhd" Line 65
step
Stopped at time : 46823625 ns : File "C:/Users/anags/OneDrive/Desktop/UNI/cuatri 2/Sistemas Digitales Avanzados/Practicas/project_1/project_1.srcs/sim_1/new/tb.vhd" Line 39
step
Stopped at time : 46823625 ns : File "C:/Users/anags/OneDrive/Desktop/UNI/cuatri 2/Sistemas Digitales Avanzados/Practicas/project_1/project_1.srcs/sim_1/new/tb.vhd" Line 42
step
Stopped at time : 46823625 ns : File "C:/Users/anags/OneDrive/Desktop/UNI/cuatri 2/Sistemas Digitales Avanzados/Practicas/project_1/project_1.srcs/sources_1/new/receptor.vhd" Line 52
step
Stopped at time : 46823625 ns : File "C:/Users/anags/OneDrive/Desktop/UNI/cuatri 2/Sistemas Digitales Avanzados/Practicas/project_1/project_1.srcs/sources_1/new/receptor.vhd" Line 56
step
Stopped at time : 46823625 ns : File "C:/Users/anags/OneDrive/Desktop/UNI/cuatri 2/Sistemas Digitales Avanzados/Practicas/project_1/project_1.srcs/sources_1/new/receptor.vhd" Line 57
step
Stopped at time : 46823625 ns : File "C:/Users/anags/OneDrive/Desktop/UNI/cuatri 2/Sistemas Digitales Avanzados/Practicas/project_1/project_1.srcs/sources_1/new/receptor.vhd" Line 58
step
Stopped at time : 46823625 ns : File "C:/Users/anags/OneDrive/Desktop/UNI/cuatri 2/Sistemas Digitales Avanzados/Practicas/project_1/project_1.srcs/sources_1/new/receptor.vhd" Line 59
step
Stopped at time : 46823625 ns : File "C:/Users/anags/OneDrive/Desktop/UNI/cuatri 2/Sistemas Digitales Avanzados/Practicas/project_1/project_1.srcs/sources_1/new/receptor.vhd" Line 60
step
Stopped at time : 46823625 ns : File "C:/Users/anags/OneDrive/Desktop/UNI/cuatri 2/Sistemas Digitales Avanzados/Practicas/project_1/project_1.srcs/sources_1/new/receptor.vhd" Line 75
step
Stopped at time : 46823625 ns : File "C:/Users/anags/OneDrive/Desktop/UNI/cuatri 2/Sistemas Digitales Avanzados/Practicas/project_1/project_1.srcs/sources_1/new/transmisor.vhd" Line 59
step
Stopped at time : 46823625 ns : File "C:/Users/anags/OneDrive/Desktop/UNI/cuatri 2/Sistemas Digitales Avanzados/Practicas/project_1/project_1.srcs/sources_1/new/transmisor.vhd" Line 65
step
Stopped at time : 46823625 ns : File "C:/Users/anags/OneDrive/Desktop/UNI/cuatri 2/Sistemas Digitales Avanzados/Practicas/project_1/project_1.srcs/sources_1/new/transmisor.vhd" Line 66
step
Stopped at time : 46823625 ns : File "C:/Users/anags/OneDrive/Desktop/UNI/cuatri 2/Sistemas Digitales Avanzados/Practicas/project_1/project_1.srcs/sources_1/new/transmisor.vhd" Line 67
step
Stopped at time : 46823625 ns : File "C:/Users/anags/OneDrive/Desktop/UNI/cuatri 2/Sistemas Digitales Avanzados/Practicas/project_1/project_1.srcs/sources_1/new/transmisor.vhd" Line 68
step
Stopped at time : 46823625 ns : File "C:/Users/anags/OneDrive/Desktop/UNI/cuatri 2/Sistemas Digitales Avanzados/Practicas/project_1/project_1.srcs/sources_1/new/transmisor.vhd" Line 69
step
Stopped at time : 46823625 ns : File "C:/Users/anags/OneDrive/Desktop/UNI/cuatri 2/Sistemas Digitales Avanzados/Practicas/project_1/project_1.srcs/sources_1/new/transmisor.vhd" Line 70
step
Stopped at time : 46823625 ns : File "C:/Users/anags/OneDrive/Desktop/UNI/cuatri 2/Sistemas Digitales Avanzados/Practicas/project_1/project_1.srcs/sources_1/new/transmisor.vhd" Line 71
step
Stopped at time : 46823625 ns : File "C:/Users/anags/OneDrive/Desktop/UNI/cuatri 2/Sistemas Digitales Avanzados/Practicas/project_1/project_1.srcs/sources_1/new/transmisor.vhd" Line 76
step
Stopped at time : 46823630 ns : File "C:/Users/anags/OneDrive/Desktop/UNI/cuatri 2/Sistemas Digitales Avanzados/Practicas/project_1/project_1.srcs/sim_1/new/tb.vhd" Line 39
step
Stopped at time : 46823630 ns : File "C:/Users/anags/OneDrive/Desktop/UNI/cuatri 2/Sistemas Digitales Avanzados/Practicas/project_1/project_1.srcs/sim_1/new/tb.vhd" Line 42
step
Stopped at time : 46823630 ns : File "C:/Users/anags/OneDrive/Desktop/UNI/cuatri 2/Sistemas Digitales Avanzados/Practicas/project_1/project_1.srcs/sources_1/new/receptor.vhd" Line 52
step
Stopped at time : 46823630 ns : File "C:/Users/anags/OneDrive/Desktop/UNI/cuatri 2/Sistemas Digitales Avanzados/Practicas/project_1/project_1.srcs/sources_1/new/receptor.vhd" Line 56
step
Stopped at time : 46823630 ns : File "C:/Users/anags/OneDrive/Desktop/UNI/cuatri 2/Sistemas Digitales Avanzados/Practicas/project_1/project_1.srcs/sources_1/new/transmisor.vhd" Line 59
step
Stopped at time : 46823630 ns : File "C:/Users/anags/OneDrive/Desktop/UNI/cuatri 2/Sistemas Digitales Avanzados/Practicas/project_1/project_1.srcs/sources_1/new/transmisor.vhd" Line 65
step
Stopped at time : 46823635 ns : File "C:/Users/anags/OneDrive/Desktop/UNI/cuatri 2/Sistemas Digitales Avanzados/Practicas/project_1/project_1.srcs/sim_1/new/tb.vhd" Line 39
step
Stopped at time : 46823635 ns : File "C:/Users/anags/OneDrive/Desktop/UNI/cuatri 2/Sistemas Digitales Avanzados/Practicas/project_1/project_1.srcs/sim_1/new/tb.vhd" Line 42
step
Stopped at time : 46823635 ns : File "C:/Users/anags/OneDrive/Desktop/UNI/cuatri 2/Sistemas Digitales Avanzados/Practicas/project_1/project_1.srcs/sources_1/new/receptor.vhd" Line 52
step
Stopped at time : 46823635 ns : File "C:/Users/anags/OneDrive/Desktop/UNI/cuatri 2/Sistemas Digitales Avanzados/Practicas/project_1/project_1.srcs/sources_1/new/receptor.vhd" Line 56
step
Stopped at time : 46823635 ns : File "C:/Users/anags/OneDrive/Desktop/UNI/cuatri 2/Sistemas Digitales Avanzados/Practicas/project_1/project_1.srcs/sources_1/new/receptor.vhd" Line 57
step
Stopped at time : 46823635 ns : File "C:/Users/anags/OneDrive/Desktop/UNI/cuatri 2/Sistemas Digitales Avanzados/Practicas/project_1/project_1.srcs/sources_1/new/receptor.vhd" Line 58
step
Stopped at time : 46823635 ns : File "C:/Users/anags/OneDrive/Desktop/UNI/cuatri 2/Sistemas Digitales Avanzados/Practicas/project_1/project_1.srcs/sources_1/new/receptor.vhd" Line 59
step
Stopped at time : 46823635 ns : File "C:/Users/anags/OneDrive/Desktop/UNI/cuatri 2/Sistemas Digitales Avanzados/Practicas/project_1/project_1.srcs/sources_1/new/receptor.vhd" Line 60
step
Stopped at time : 46823635 ns : File "C:/Users/anags/OneDrive/Desktop/UNI/cuatri 2/Sistemas Digitales Avanzados/Practicas/project_1/project_1.srcs/sources_1/new/receptor.vhd" Line 75
step
Stopped at time : 46823635 ns : File "C:/Users/anags/OneDrive/Desktop/UNI/cuatri 2/Sistemas Digitales Avanzados/Practicas/project_1/project_1.srcs/sources_1/new/transmisor.vhd" Line 59
step
Stopped at time : 46823635 ns : File "C:/Users/anags/OneDrive/Desktop/UNI/cuatri 2/Sistemas Digitales Avanzados/Practicas/project_1/project_1.srcs/sources_1/new/transmisor.vhd" Line 65
step
Stopped at time : 46823635 ns : File "C:/Users/anags/OneDrive/Desktop/UNI/cuatri 2/Sistemas Digitales Avanzados/Practicas/project_1/project_1.srcs/sources_1/new/transmisor.vhd" Line 66
step
Stopped at time : 46823635 ns : File "C:/Users/anags/OneDrive/Desktop/UNI/cuatri 2/Sistemas Digitales Avanzados/Practicas/project_1/project_1.srcs/sources_1/new/transmisor.vhd" Line 67
step
Stopped at time : 46823635 ns : File "C:/Users/anags/OneDrive/Desktop/UNI/cuatri 2/Sistemas Digitales Avanzados/Practicas/project_1/project_1.srcs/sources_1/new/transmisor.vhd" Line 68
step
Stopped at time : 46823635 ns : File "C:/Users/anags/OneDrive/Desktop/UNI/cuatri 2/Sistemas Digitales Avanzados/Practicas/project_1/project_1.srcs/sources_1/new/transmisor.vhd" Line 69
step
Stopped at time : 46823635 ns : File "C:/Users/anags/OneDrive/Desktop/UNI/cuatri 2/Sistemas Digitales Avanzados/Practicas/project_1/project_1.srcs/sources_1/new/transmisor.vhd" Line 70
step
Stopped at time : 46823635 ns : File "C:/Users/anags/OneDrive/Desktop/UNI/cuatri 2/Sistemas Digitales Avanzados/Practicas/project_1/project_1.srcs/sources_1/new/transmisor.vhd" Line 71
step
Stopped at time : 46823635 ns : File "C:/Users/anags/OneDrive/Desktop/UNI/cuatri 2/Sistemas Digitales Avanzados/Practicas/project_1/project_1.srcs/sources_1/new/transmisor.vhd" Line 76
step
Stopped at time : 46823640 ns : File "C:/Users/anags/OneDrive/Desktop/UNI/cuatri 2/Sistemas Digitales Avanzados/Practicas/project_1/project_1.srcs/sim_1/new/tb.vhd" Line 39
step
Stopped at time : 46823640 ns : File "C:/Users/anags/OneDrive/Desktop/UNI/cuatri 2/Sistemas Digitales Avanzados/Practicas/project_1/project_1.srcs/sim_1/new/tb.vhd" Line 42
step
Stopped at time : 46823640 ns : File "C:/Users/anags/OneDrive/Desktop/UNI/cuatri 2/Sistemas Digitales Avanzados/Practicas/project_1/project_1.srcs/sources_1/new/receptor.vhd" Line 52
step
Stopped at time : 46823640 ns : File "C:/Users/anags/OneDrive/Desktop/UNI/cuatri 2/Sistemas Digitales Avanzados/Practicas/project_1/project_1.srcs/sources_1/new/receptor.vhd" Line 56
step
Stopped at time : 46823640 ns : File "C:/Users/anags/OneDrive/Desktop/UNI/cuatri 2/Sistemas Digitales Avanzados/Practicas/project_1/project_1.srcs/sources_1/new/transmisor.vhd" Line 59
step
Stopped at time : 46823640 ns : File "C:/Users/anags/OneDrive/Desktop/UNI/cuatri 2/Sistemas Digitales Avanzados/Practicas/project_1/project_1.srcs/sources_1/new/transmisor.vhd" Line 65
step
Stopped at time : 46823645 ns : File "C:/Users/anags/OneDrive/Desktop/UNI/cuatri 2/Sistemas Digitales Avanzados/Practicas/project_1/project_1.srcs/sim_1/new/tb.vhd" Line 39
step
Stopped at time : 46823645 ns : File "C:/Users/anags/OneDrive/Desktop/UNI/cuatri 2/Sistemas Digitales Avanzados/Practicas/project_1/project_1.srcs/sim_1/new/tb.vhd" Line 42
step
Stopped at time : 46823645 ns : File "C:/Users/anags/OneDrive/Desktop/UNI/cuatri 2/Sistemas Digitales Avanzados/Practicas/project_1/project_1.srcs/sources_1/new/receptor.vhd" Line 52
step
Stopped at time : 46823645 ns : File "C:/Users/anags/OneDrive/Desktop/UNI/cuatri 2/Sistemas Digitales Avanzados/Practicas/project_1/project_1.srcs/sources_1/new/receptor.vhd" Line 56
step
Stopped at time : 46823645 ns : File "C:/Users/anags/OneDrive/Desktop/UNI/cuatri 2/Sistemas Digitales Avanzados/Practicas/project_1/project_1.srcs/sources_1/new/receptor.vhd" Line 57
step
Stopped at time : 46823645 ns : File "C:/Users/anags/OneDrive/Desktop/UNI/cuatri 2/Sistemas Digitales Avanzados/Practicas/project_1/project_1.srcs/sources_1/new/receptor.vhd" Line 58
step
Stopped at time : 46823645 ns : File "C:/Users/anags/OneDrive/Desktop/UNI/cuatri 2/Sistemas Digitales Avanzados/Practicas/project_1/project_1.srcs/sources_1/new/receptor.vhd" Line 59
step
Stopped at time : 46823645 ns : File "C:/Users/anags/OneDrive/Desktop/UNI/cuatri 2/Sistemas Digitales Avanzados/Practicas/project_1/project_1.srcs/sources_1/new/receptor.vhd" Line 60
step
Stopped at time : 46823645 ns : File "C:/Users/anags/OneDrive/Desktop/UNI/cuatri 2/Sistemas Digitales Avanzados/Practicas/project_1/project_1.srcs/sources_1/new/receptor.vhd" Line 75
step
Stopped at time : 46823645 ns : File "C:/Users/anags/OneDrive/Desktop/UNI/cuatri 2/Sistemas Digitales Avanzados/Practicas/project_1/project_1.srcs/sources_1/new/transmisor.vhd" Line 59
step
Stopped at time : 46823645 ns : File "C:/Users/anags/OneDrive/Desktop/UNI/cuatri 2/Sistemas Digitales Avanzados/Practicas/project_1/project_1.srcs/sources_1/new/transmisor.vhd" Line 65
step
Stopped at time : 46823645 ns : File "C:/Users/anags/OneDrive/Desktop/UNI/cuatri 2/Sistemas Digitales Avanzados/Practicas/project_1/project_1.srcs/sources_1/new/transmisor.vhd" Line 66
step
Stopped at time : 46823645 ns : File "C:/Users/anags/OneDrive/Desktop/UNI/cuatri 2/Sistemas Digitales Avanzados/Practicas/project_1/project_1.srcs/sources_1/new/transmisor.vhd" Line 67
step
Stopped at time : 46823645 ns : File "C:/Users/anags/OneDrive/Desktop/UNI/cuatri 2/Sistemas Digitales Avanzados/Practicas/project_1/project_1.srcs/sources_1/new/transmisor.vhd" Line 68
step
Stopped at time : 46823645 ns : File "C:/Users/anags/OneDrive/Desktop/UNI/cuatri 2/Sistemas Digitales Avanzados/Practicas/project_1/project_1.srcs/sources_1/new/transmisor.vhd" Line 69
step
Stopped at time : 46823645 ns : File "C:/Users/anags/OneDrive/Desktop/UNI/cuatri 2/Sistemas Digitales Avanzados/Practicas/project_1/project_1.srcs/sources_1/new/transmisor.vhd" Line 70
step
Stopped at time : 46823645 ns : File "C:/Users/anags/OneDrive/Desktop/UNI/cuatri 2/Sistemas Digitales Avanzados/Practicas/project_1/project_1.srcs/sources_1/new/transmisor.vhd" Line 71
step
Stopped at time : 46823645 ns : File "C:/Users/anags/OneDrive/Desktop/UNI/cuatri 2/Sistemas Digitales Avanzados/Practicas/project_1/project_1.srcs/sources_1/new/transmisor.vhd" Line 76
step
Stopped at time : 46823650 ns : File "C:/Users/anags/OneDrive/Desktop/UNI/cuatri 2/Sistemas Digitales Avanzados/Practicas/project_1/project_1.srcs/sim_1/new/tb.vhd" Line 39
step
Stopped at time : 46823650 ns : File "C:/Users/anags/OneDrive/Desktop/UNI/cuatri 2/Sistemas Digitales Avanzados/Practicas/project_1/project_1.srcs/sim_1/new/tb.vhd" Line 42
step
Stopped at time : 46823650 ns : File "C:/Users/anags/OneDrive/Desktop/UNI/cuatri 2/Sistemas Digitales Avanzados/Practicas/project_1/project_1.srcs/sources_1/new/receptor.vhd" Line 52
step
Stopped at time : 46823650 ns : File "C:/Users/anags/OneDrive/Desktop/UNI/cuatri 2/Sistemas Digitales Avanzados/Practicas/project_1/project_1.srcs/sources_1/new/receptor.vhd" Line 56
step
Stopped at time : 46823650 ns : File "C:/Users/anags/OneDrive/Desktop/UNI/cuatri 2/Sistemas Digitales Avanzados/Practicas/project_1/project_1.srcs/sources_1/new/transmisor.vhd" Line 59
step
Stopped at time : 46823650 ns : File "C:/Users/anags/OneDrive/Desktop/UNI/cuatri 2/Sistemas Digitales Avanzados/Practicas/project_1/project_1.srcs/sources_1/new/transmisor.vhd" Line 65
step
Stopped at time : 46823655 ns : File "C:/Users/anags/OneDrive/Desktop/UNI/cuatri 2/Sistemas Digitales Avanzados/Practicas/project_1/project_1.srcs/sim_1/new/tb.vhd" Line 39
step
Stopped at time : 46823655 ns : File "C:/Users/anags/OneDrive/Desktop/UNI/cuatri 2/Sistemas Digitales Avanzados/Practicas/project_1/project_1.srcs/sim_1/new/tb.vhd" Line 42
step
Stopped at time : 46823655 ns : File "C:/Users/anags/OneDrive/Desktop/UNI/cuatri 2/Sistemas Digitales Avanzados/Practicas/project_1/project_1.srcs/sources_1/new/receptor.vhd" Line 52
step
Stopped at time : 46823655 ns : File "C:/Users/anags/OneDrive/Desktop/UNI/cuatri 2/Sistemas Digitales Avanzados/Practicas/project_1/project_1.srcs/sources_1/new/receptor.vhd" Line 56
step
Stopped at time : 46823655 ns : File "C:/Users/anags/OneDrive/Desktop/UNI/cuatri 2/Sistemas Digitales Avanzados/Practicas/project_1/project_1.srcs/sources_1/new/receptor.vhd" Line 57
step
Stopped at time : 46823655 ns : File "C:/Users/anags/OneDrive/Desktop/UNI/cuatri 2/Sistemas Digitales Avanzados/Practicas/project_1/project_1.srcs/sources_1/new/receptor.vhd" Line 58
step
Stopped at time : 46823655 ns : File "C:/Users/anags/OneDrive/Desktop/UNI/cuatri 2/Sistemas Digitales Avanzados/Practicas/project_1/project_1.srcs/sources_1/new/receptor.vhd" Line 59
step
Stopped at time : 46823655 ns : File "C:/Users/anags/OneDrive/Desktop/UNI/cuatri 2/Sistemas Digitales Avanzados/Practicas/project_1/project_1.srcs/sources_1/new/receptor.vhd" Line 60
step
Stopped at time : 46823655 ns : File "C:/Users/anags/OneDrive/Desktop/UNI/cuatri 2/Sistemas Digitales Avanzados/Practicas/project_1/project_1.srcs/sources_1/new/receptor.vhd" Line 75
step
Stopped at time : 46823655 ns : File "C:/Users/anags/OneDrive/Desktop/UNI/cuatri 2/Sistemas Digitales Avanzados/Practicas/project_1/project_1.srcs/sources_1/new/transmisor.vhd" Line 59
step
Stopped at time : 46823655 ns : File "C:/Users/anags/OneDrive/Desktop/UNI/cuatri 2/Sistemas Digitales Avanzados/Practicas/project_1/project_1.srcs/sources_1/new/transmisor.vhd" Line 65
step
Stopped at time : 46823655 ns : File "C:/Users/anags/OneDrive/Desktop/UNI/cuatri 2/Sistemas Digitales Avanzados/Practicas/project_1/project_1.srcs/sources_1/new/transmisor.vhd" Line 66
step
Stopped at time : 46823655 ns : File "C:/Users/anags/OneDrive/Desktop/UNI/cuatri 2/Sistemas Digitales Avanzados/Practicas/project_1/project_1.srcs/sources_1/new/transmisor.vhd" Line 67
step
Stopped at time : 46823655 ns : File "C:/Users/anags/OneDrive/Desktop/UNI/cuatri 2/Sistemas Digitales Avanzados/Practicas/project_1/project_1.srcs/sources_1/new/transmisor.vhd" Line 68
step
Stopped at time : 46823655 ns : File "C:/Users/anags/OneDrive/Desktop/UNI/cuatri 2/Sistemas Digitales Avanzados/Practicas/project_1/project_1.srcs/sources_1/new/transmisor.vhd" Line 69
step
Stopped at time : 46823655 ns : File "C:/Users/anags/OneDrive/Desktop/UNI/cuatri 2/Sistemas Digitales Avanzados/Practicas/project_1/project_1.srcs/sources_1/new/transmisor.vhd" Line 70
step
Stopped at time : 46823655 ns : File "C:/Users/anags/OneDrive/Desktop/UNI/cuatri 2/Sistemas Digitales Avanzados/Practicas/project_1/project_1.srcs/sources_1/new/transmisor.vhd" Line 71
step
Stopped at time : 46823655 ns : File "C:/Users/anags/OneDrive/Desktop/UNI/cuatri 2/Sistemas Digitales Avanzados/Practicas/project_1/project_1.srcs/sources_1/new/transmisor.vhd" Line 76
step
Stopped at time : 46823660 ns : File "C:/Users/anags/OneDrive/Desktop/UNI/cuatri 2/Sistemas Digitales Avanzados/Practicas/project_1/project_1.srcs/sim_1/new/tb.vhd" Line 39
step
Stopped at time : 46823660 ns : File "C:/Users/anags/OneDrive/Desktop/UNI/cuatri 2/Sistemas Digitales Avanzados/Practicas/project_1/project_1.srcs/sim_1/new/tb.vhd" Line 42
step
Stopped at time : 46823660 ns : File "C:/Users/anags/OneDrive/Desktop/UNI/cuatri 2/Sistemas Digitales Avanzados/Practicas/project_1/project_1.srcs/sources_1/new/receptor.vhd" Line 52
step
Stopped at time : 46823660 ns : File "C:/Users/anags/OneDrive/Desktop/UNI/cuatri 2/Sistemas Digitales Avanzados/Practicas/project_1/project_1.srcs/sources_1/new/receptor.vhd" Line 56
step
Stopped at time : 46823660 ns : File "C:/Users/anags/OneDrive/Desktop/UNI/cuatri 2/Sistemas Digitales Avanzados/Practicas/project_1/project_1.srcs/sources_1/new/transmisor.vhd" Line 59
step
Stopped at time : 46823660 ns : File "C:/Users/anags/OneDrive/Desktop/UNI/cuatri 2/Sistemas Digitales Avanzados/Practicas/project_1/project_1.srcs/sources_1/new/transmisor.vhd" Line 65
step
Stopped at time : 46823665 ns : File "C:/Users/anags/OneDrive/Desktop/UNI/cuatri 2/Sistemas Digitales Avanzados/Practicas/project_1/project_1.srcs/sim_1/new/tb.vhd" Line 39
step
Stopped at time : 46823665 ns : File "C:/Users/anags/OneDrive/Desktop/UNI/cuatri 2/Sistemas Digitales Avanzados/Practicas/project_1/project_1.srcs/sim_1/new/tb.vhd" Line 42
step
Stopped at time : 46823665 ns : File "C:/Users/anags/OneDrive/Desktop/UNI/cuatri 2/Sistemas Digitales Avanzados/Practicas/project_1/project_1.srcs/sources_1/new/receptor.vhd" Line 52
step
Stopped at time : 46823665 ns : File "C:/Users/anags/OneDrive/Desktop/UNI/cuatri 2/Sistemas Digitales Avanzados/Practicas/project_1/project_1.srcs/sources_1/new/receptor.vhd" Line 56
step
Stopped at time : 46823665 ns : File "C:/Users/anags/OneDrive/Desktop/UNI/cuatri 2/Sistemas Digitales Avanzados/Practicas/project_1/project_1.srcs/sources_1/new/receptor.vhd" Line 57
step
Stopped at time : 46823665 ns : File "C:/Users/anags/OneDrive/Desktop/UNI/cuatri 2/Sistemas Digitales Avanzados/Practicas/project_1/project_1.srcs/sources_1/new/receptor.vhd" Line 58
step
Stopped at time : 46823665 ns : File "C:/Users/anags/OneDrive/Desktop/UNI/cuatri 2/Sistemas Digitales Avanzados/Practicas/project_1/project_1.srcs/sources_1/new/receptor.vhd" Line 59
step
Stopped at time : 46823665 ns : File "C:/Users/anags/OneDrive/Desktop/UNI/cuatri 2/Sistemas Digitales Avanzados/Practicas/project_1/project_1.srcs/sources_1/new/receptor.vhd" Line 60
step
Stopped at time : 46823665 ns : File "C:/Users/anags/OneDrive/Desktop/UNI/cuatri 2/Sistemas Digitales Avanzados/Practicas/project_1/project_1.srcs/sources_1/new/receptor.vhd" Line 75
step
Stopped at time : 46823665 ns : File "C:/Users/anags/OneDrive/Desktop/UNI/cuatri 2/Sistemas Digitales Avanzados/Practicas/project_1/project_1.srcs/sources_1/new/transmisor.vhd" Line 59
step
Stopped at time : 46823665 ns : File "C:/Users/anags/OneDrive/Desktop/UNI/cuatri 2/Sistemas Digitales Avanzados/Practicas/project_1/project_1.srcs/sources_1/new/transmisor.vhd" Line 65
step
Stopped at time : 46823665 ns : File "C:/Users/anags/OneDrive/Desktop/UNI/cuatri 2/Sistemas Digitales Avanzados/Practicas/project_1/project_1.srcs/sources_1/new/transmisor.vhd" Line 66
step
Stopped at time : 46823665 ns : File "C:/Users/anags/OneDrive/Desktop/UNI/cuatri 2/Sistemas Digitales Avanzados/Practicas/project_1/project_1.srcs/sources_1/new/transmisor.vhd" Line 67
step
Stopped at time : 46823665 ns : File "C:/Users/anags/OneDrive/Desktop/UNI/cuatri 2/Sistemas Digitales Avanzados/Practicas/project_1/project_1.srcs/sources_1/new/transmisor.vhd" Line 68
step
Stopped at time : 46823665 ns : File "C:/Users/anags/OneDrive/Desktop/UNI/cuatri 2/Sistemas Digitales Avanzados/Practicas/project_1/project_1.srcs/sources_1/new/transmisor.vhd" Line 69
step
Stopped at time : 46823665 ns : File "C:/Users/anags/OneDrive/Desktop/UNI/cuatri 2/Sistemas Digitales Avanzados/Practicas/project_1/project_1.srcs/sources_1/new/transmisor.vhd" Line 70
step
Stopped at time : 46823665 ns : File "C:/Users/anags/OneDrive/Desktop/UNI/cuatri 2/Sistemas Digitales Avanzados/Practicas/project_1/project_1.srcs/sources_1/new/transmisor.vhd" Line 71
step
Stopped at time : 46823665 ns : File "C:/Users/anags/OneDrive/Desktop/UNI/cuatri 2/Sistemas Digitales Avanzados/Practicas/project_1/project_1.srcs/sources_1/new/transmisor.vhd" Line 76
step
Stopped at time : 46823670 ns : File "C:/Users/anags/OneDrive/Desktop/UNI/cuatri 2/Sistemas Digitales Avanzados/Practicas/project_1/project_1.srcs/sim_1/new/tb.vhd" Line 39
step
Stopped at time : 46823670 ns : File "C:/Users/anags/OneDrive/Desktop/UNI/cuatri 2/Sistemas Digitales Avanzados/Practicas/project_1/project_1.srcs/sim_1/new/tb.vhd" Line 42
step
Stopped at time : 46823670 ns : File "C:/Users/anags/OneDrive/Desktop/UNI/cuatri 2/Sistemas Digitales Avanzados/Practicas/project_1/project_1.srcs/sources_1/new/receptor.vhd" Line 52
step
Stopped at time : 46823670 ns : File "C:/Users/anags/OneDrive/Desktop/UNI/cuatri 2/Sistemas Digitales Avanzados/Practicas/project_1/project_1.srcs/sources_1/new/receptor.vhd" Line 56
step
Stopped at time : 46823670 ns : File "C:/Users/anags/OneDrive/Desktop/UNI/cuatri 2/Sistemas Digitales Avanzados/Practicas/project_1/project_1.srcs/sources_1/new/transmisor.vhd" Line 59
step
Stopped at time : 46823670 ns : File "C:/Users/anags/OneDrive/Desktop/UNI/cuatri 2/Sistemas Digitales Avanzados/Practicas/project_1/project_1.srcs/sources_1/new/transmisor.vhd" Line 65
step
Stopped at time : 46823675 ns : File "C:/Users/anags/OneDrive/Desktop/UNI/cuatri 2/Sistemas Digitales Avanzados/Practicas/project_1/project_1.srcs/sim_1/new/tb.vhd" Line 39
step
Stopped at time : 46823675 ns : File "C:/Users/anags/OneDrive/Desktop/UNI/cuatri 2/Sistemas Digitales Avanzados/Practicas/project_1/project_1.srcs/sim_1/new/tb.vhd" Line 42
step
Stopped at time : 46823675 ns : File "C:/Users/anags/OneDrive/Desktop/UNI/cuatri 2/Sistemas Digitales Avanzados/Practicas/project_1/project_1.srcs/sources_1/new/receptor.vhd" Line 52
step
Stopped at time : 46823675 ns : File "C:/Users/anags/OneDrive/Desktop/UNI/cuatri 2/Sistemas Digitales Avanzados/Practicas/project_1/project_1.srcs/sources_1/new/receptor.vhd" Line 56
step
Stopped at time : 46823675 ns : File "C:/Users/anags/OneDrive/Desktop/UNI/cuatri 2/Sistemas Digitales Avanzados/Practicas/project_1/project_1.srcs/sources_1/new/receptor.vhd" Line 57
step
Stopped at time : 46823675 ns : File "C:/Users/anags/OneDrive/Desktop/UNI/cuatri 2/Sistemas Digitales Avanzados/Practicas/project_1/project_1.srcs/sources_1/new/receptor.vhd" Line 58
step
Stopped at time : 46823675 ns : File "C:/Users/anags/OneDrive/Desktop/UNI/cuatri 2/Sistemas Digitales Avanzados/Practicas/project_1/project_1.srcs/sources_1/new/receptor.vhd" Line 59
step
Stopped at time : 46823675 ns : File "C:/Users/anags/OneDrive/Desktop/UNI/cuatri 2/Sistemas Digitales Avanzados/Practicas/project_1/project_1.srcs/sources_1/new/receptor.vhd" Line 60
step
Stopped at time : 46823675 ns : File "C:/Users/anags/OneDrive/Desktop/UNI/cuatri 2/Sistemas Digitales Avanzados/Practicas/project_1/project_1.srcs/sources_1/new/receptor.vhd" Line 75
step
Stopped at time : 46823675 ns : File "C:/Users/anags/OneDrive/Desktop/UNI/cuatri 2/Sistemas Digitales Avanzados/Practicas/project_1/project_1.srcs/sources_1/new/transmisor.vhd" Line 59
step
Stopped at time : 46823675 ns : File "C:/Users/anags/OneDrive/Desktop/UNI/cuatri 2/Sistemas Digitales Avanzados/Practicas/project_1/project_1.srcs/sources_1/new/transmisor.vhd" Line 65
step
Stopped at time : 46823675 ns : File "C:/Users/anags/OneDrive/Desktop/UNI/cuatri 2/Sistemas Digitales Avanzados/Practicas/project_1/project_1.srcs/sources_1/new/transmisor.vhd" Line 66
step
Stopped at time : 46823675 ns : File "C:/Users/anags/OneDrive/Desktop/UNI/cuatri 2/Sistemas Digitales Avanzados/Practicas/project_1/project_1.srcs/sources_1/new/transmisor.vhd" Line 67
step
Stopped at time : 46823675 ns : File "C:/Users/anags/OneDrive/Desktop/UNI/cuatri 2/Sistemas Digitales Avanzados/Practicas/project_1/project_1.srcs/sources_1/new/transmisor.vhd" Line 68
step
Stopped at time : 46823675 ns : File "C:/Users/anags/OneDrive/Desktop/UNI/cuatri 2/Sistemas Digitales Avanzados/Practicas/project_1/project_1.srcs/sources_1/new/transmisor.vhd" Line 69
step
Stopped at time : 46823675 ns : File "C:/Users/anags/OneDrive/Desktop/UNI/cuatri 2/Sistemas Digitales Avanzados/Practicas/project_1/project_1.srcs/sources_1/new/transmisor.vhd" Line 70
step
Stopped at time : 46823675 ns : File "C:/Users/anags/OneDrive/Desktop/UNI/cuatri 2/Sistemas Digitales Avanzados/Practicas/project_1/project_1.srcs/sources_1/new/transmisor.vhd" Line 71
step
Stopped at time : 46823675 ns : File "C:/Users/anags/OneDrive/Desktop/UNI/cuatri 2/Sistemas Digitales Avanzados/Practicas/project_1/project_1.srcs/sources_1/new/transmisor.vhd" Line 76
step
Stopped at time : 46823680 ns : File "C:/Users/anags/OneDrive/Desktop/UNI/cuatri 2/Sistemas Digitales Avanzados/Practicas/project_1/project_1.srcs/sim_1/new/tb.vhd" Line 39
step
Stopped at time : 46823680 ns : File "C:/Users/anags/OneDrive/Desktop/UNI/cuatri 2/Sistemas Digitales Avanzados/Practicas/project_1/project_1.srcs/sim_1/new/tb.vhd" Line 42
step
Stopped at time : 46823680 ns : File "C:/Users/anags/OneDrive/Desktop/UNI/cuatri 2/Sistemas Digitales Avanzados/Practicas/project_1/project_1.srcs/sources_1/new/receptor.vhd" Line 52
step
Stopped at time : 46823680 ns : File "C:/Users/anags/OneDrive/Desktop/UNI/cuatri 2/Sistemas Digitales Avanzados/Practicas/project_1/project_1.srcs/sources_1/new/receptor.vhd" Line 56
relaunch_sim
Command: launch_simulation -simset sim_1 -mode behavioral
INFO: [Vivado 12-5682] Launching behavioral simulation in 'C:/Users/anags/OneDrive/Desktop/UNI/cuatri 2/Sistemas Digitales Avanzados/Practicas/project_1/project_1.sim/sim_1/behav/xsim'
INFO: [SIM-utils-51] Simulation object is 'sim_1'
INFO: [SIM-utils-54] Inspecting design source files for 'tb_puerto_serie' in fileset 'sim_1'...
INFO: [USF-XSim-97] Finding global include files...
INFO: [USF-XSim-98] Fetching design files from 'sim_1'...
INFO: [USF-XSim-2] XSim::Compile design
INFO: [USF-XSim-61] Executing 'COMPILE and ANALYZE' step in 'C:/Users/anags/OneDrive/Desktop/UNI/cuatri 2/Sistemas Digitales Avanzados/Practicas/project_1/project_1.sim/sim_1/behav/xsim'
"xvhdl --incr --relax -prj tb_puerto_serie_vhdl.prj"
INFO: [USF-XSim-69] 'compile' step finished in '1' seconds
Command: launch_simulation -simset sim_1 -mode behavioral
INFO: [Vivado 12-5682] Launching behavioral simulation in 'C:/Users/anags/OneDrive/Desktop/UNI/cuatri 2/Sistemas Digitales Avanzados/Practicas/project_1/project_1.sim/sim_1/behav/xsim'
INFO: [USF-XSim-3] XSim::Elaborate design
INFO: [USF-XSim-61] Executing 'ELABORATE' step in 'C:/Users/anags/OneDrive/Desktop/UNI/cuatri 2/Sistemas Digitales Avanzados/Practicas/project_1/project_1.sim/sim_1/behav/xsim'
"xelab -wto 0b877742e65f48f0b366796d7c932985 --incr --debug typical --relax --mt 2 -L xil_defaultlib -L secureip --snapshot tb_puerto_serie_behav xil_defaultlib.tb_puerto_serie -log elaborate.log"
Vivado Simulator 2019.2
Copyright 1986-1999, 2001-2019 Xilinx, Inc. All Rights Reserved.
Running: C:/Xilinx/Vivado/2019.2/bin/unwrapped/win64.o/xelab.exe -wto 0b877742e65f48f0b366796d7c932985 --incr --debug typical --relax --mt 2 -L xil_defaultlib -L secureip --snapshot tb_puerto_serie_behav xil_defaultlib.tb_puerto_serie -log elaborate.log 
Using 2 slave threads.
Starting static elaboration
Completed static elaboration
INFO: [XSIM 43-4323] No Change in HDL. Linking previously generated obj files to create kernel
INFO: [USF-XSim-69] 'elaborate' step finished in '2' seconds
Vivado Simulator 2019.2
Time resolution is 1 ps
ERROR: [Simulator 45-7] No such file 'C:/Users/anags/OneDrive/Desktop/UNI/cuatri' in the design.
ERROR: [Common 17-69] Command failed: ERROR: [Simulator 45-7] No such file 'C:/Users/anags/OneDrive/Desktop/UNI/cuatri' in the design.

relaunch_sim
Command: launch_simulation -simset sim_1 -mode behavioral
INFO: [Vivado 12-5682] Launching behavioral simulation in 'C:/Users/anags/OneDrive/Desktop/UNI/cuatri 2/Sistemas Digitales Avanzados/Practicas/project_1/project_1.sim/sim_1/behav/xsim'
INFO: [SIM-utils-51] Simulation object is 'sim_1'
INFO: [SIM-utils-54] Inspecting design source files for 'tb_puerto_serie' in fileset 'sim_1'...
INFO: [USF-XSim-97] Finding global include files...
INFO: [USF-XSim-98] Fetching design files from 'sim_1'...
INFO: [USF-XSim-2] XSim::Compile design
INFO: [USF-XSim-61] Executing 'COMPILE and ANALYZE' step in 'C:/Users/anags/OneDrive/Desktop/UNI/cuatri 2/Sistemas Digitales Avanzados/Practicas/project_1/project_1.sim/sim_1/behav/xsim'
"xvhdl --incr --relax -prj tb_puerto_serie_vhdl.prj"
INFO: [USF-XSim-69] 'compile' step finished in '1' seconds
Command: launch_simulation -simset sim_1 -mode behavioral
INFO: [Vivado 12-5682] Launching behavioral simulation in 'C:/Users/anags/OneDrive/Desktop/UNI/cuatri 2/Sistemas Digitales Avanzados/Practicas/project_1/project_1.sim/sim_1/behav/xsim'
INFO: [USF-XSim-3] XSim::Elaborate design
INFO: [USF-XSim-61] Executing 'ELABORATE' step in 'C:/Users/anags/OneDrive/Desktop/UNI/cuatri 2/Sistemas Digitales Avanzados/Practicas/project_1/project_1.sim/sim_1/behav/xsim'
"xelab -wto 0b877742e65f48f0b366796d7c932985 --incr --debug typical --relax --mt 2 -L xil_defaultlib -L secureip --snapshot tb_puerto_serie_behav xil_defaultlib.tb_puerto_serie -log elaborate.log"
Vivado Simulator 2019.2
Copyright 1986-1999, 2001-2019 Xilinx, Inc. All Rights Reserved.
Running: C:/Xilinx/Vivado/2019.2/bin/unwrapped/win64.o/xelab.exe -wto 0b877742e65f48f0b366796d7c932985 --incr --debug typical --relax --mt 2 -L xil_defaultlib -L secureip --snapshot tb_puerto_serie_behav xil_defaultlib.tb_puerto_serie -log elaborate.log 
Using 2 slave threads.
Starting static elaboration
Completed static elaboration
INFO: [XSIM 43-4323] No Change in HDL. Linking previously generated obj files to create kernel
INFO: [USF-XSim-69] 'elaborate' step finished in '1' seconds
Vivado Simulator 2019.2
Time resolution is 1 ps
ERROR: [Simulator 45-7] No such file 'C:/Users/anags/OneDrive/Desktop/UNI/cuatri' in the design.
ERROR: [Common 17-69] Command failed: ERROR: [Simulator 45-7] No such file 'C:/Users/anags/OneDrive/Desktop/UNI/cuatri' in the design.

close_sim
INFO: [Simtcl 6-16] Simulation closed
launch_simulation
Command: launch_simulation 
INFO: [Vivado 12-5682] Launching behavioral simulation in 'C:/Users/anags/OneDrive/Desktop/UNI/cuatri 2/Sistemas Digitales Avanzados/Practicas/project_1/project_1.sim/sim_1/behav/xsim'
INFO: [SIM-utils-51] Simulation object is 'sim_1'
INFO: [SIM-utils-54] Inspecting design source files for 'tb_puerto_serie' in fileset 'sim_1'...
INFO: [USF-XSim-97] Finding global include files...
INFO: [USF-XSim-98] Fetching design files from 'sim_1'...
INFO: [USF-XSim-2] XSim::Compile design
INFO: [USF-XSim-61] Executing 'COMPILE and ANALYZE' step in 'C:/Users/anags/OneDrive/Desktop/UNI/cuatri 2/Sistemas Digitales Avanzados/Practicas/project_1/project_1.sim/sim_1/behav/xsim'
"xvhdl --incr --relax -prj tb_puerto_serie_vhdl.prj"
INFO: [USF-XSim-69] 'compile' step finished in '1' seconds
INFO: [USF-XSim-3] XSim::Elaborate design
INFO: [USF-XSim-61] Executing 'ELABORATE' step in 'C:/Users/anags/OneDrive/Desktop/UNI/cuatri 2/Sistemas Digitales Avanzados/Practicas/project_1/project_1.sim/sim_1/behav/xsim'
"xelab -wto 0b877742e65f48f0b366796d7c932985 --incr --debug typical --relax --mt 2 -L xil_defaultlib -L secureip --snapshot tb_puerto_serie_behav xil_defaultlib.tb_puerto_serie -log elaborate.log"
Vivado Simulator 2019.2
Copyright 1986-1999, 2001-2019 Xilinx, Inc. All Rights Reserved.
Running: C:/Xilinx/Vivado/2019.2/bin/unwrapped/win64.o/xelab.exe -wto 0b877742e65f48f0b366796d7c932985 --incr --debug typical --relax --mt 2 -L xil_defaultlib -L secureip --snapshot tb_puerto_serie_behav xil_defaultlib.tb_puerto_serie -log elaborate.log 
Using 2 slave threads.
Starting static elaboration
Completed static elaboration
INFO: [XSIM 43-4323] No Change in HDL. Linking previously generated obj files to create kernel
INFO: [USF-XSim-69] 'elaborate' step finished in '2' seconds
INFO: [USF-XSim-4] XSim::Simulate design
INFO: [USF-XSim-61] Executing 'SIMULATE' step in 'C:/Users/anags/OneDrive/Desktop/UNI/cuatri 2/Sistemas Digitales Avanzados/Practicas/project_1/project_1.sim/sim_1/behav/xsim'
INFO: [USF-XSim-98] *** Running xsim
   with args "tb_puerto_serie_behav -key {Behavioral:sim_1:Functional:tb_puerto_serie} -tclbatch {tb_puerto_serie.tcl} -log {simulate.log}"
INFO: [USF-XSim-8] Loading simulator feature
Vivado Simulator 2019.2
Time resolution is 1 ps
ERROR: [Simulator 45-7] No such file 'C:/Users/anags/OneDrive/Desktop/UNI/cuatri' in the design.

ERROR: [USF-XSim-62] 'simulate' step failed with errors. Please check the Tcl console or log files for more information.
ERROR: [Vivado 12-4473] Detected error while running simulation. Please correct the issue and retry this operation.
ERROR: [Common 17-39] 'launch_simulation' failed due to earlier errors.
exit
INFO: [Common 17-206] Exiting Vivado at Sun Feb 20 14:34:17 2022...
